2026-05-21T23:49:11.728658+0100 | INFO | Database engine created successfully.
2026-05-21T23:49:16.129814+0100 | ERROR | Database connection test FAILED: (psycopg2.OperationalError) connection to server at "localhost" (::1), port 5432 failed: Connection refused (0x0000274D/10061)
	Is the server running on that host and accepting TCP/IP connections?
connection to server at "localhost" (127.0.0.1), port 5432 failed: Connection refused (0x0000274D/10061)
	Is the server running on that host and accepting TCP/IP connections?

(Background on this error at: https://sqlalche.me/e/20/e3q8)
2026-05-22T00:11:03.802938+0100 | INFO | Database engine created successfully.
2026-05-22T00:11:04.284280+0100 | ERROR | Database connection test FAILED: (psycopg2.OperationalError) connection to server at "localhost" (::1), port 5432 failed: FATAL:  password authentication failed for user "postgres"

(Background on this error at: https://sqlalche.me/e/20/e3q8)
2026-05-23T14:26:16.240972+0100 | INFO | Database engine created successfully.
2026-05-23T14:26:16.846956+0100 | ERROR | Database connection test FAILED: (psycopg2.OperationalError) connection to server at "localhost" (::1), port 5432 failed: FATAL:  password authentication failed for user "postgres"

(Background on this error at: https://sqlalche.me/e/20/e3q8)
2026-05-23T14:44:36.035302+0100 | INFO | Database engine created successfully.
2026-05-23T14:44:36.112669+0100 | ERROR | Database connection test FAILED: (psycopg2.OperationalError) could not translate host name "1995@localhost" to address: Non-recoverable failure in name resolution

(Background on this error at: https://sqlalche.me/e/20/e3q8)
2026-05-23T14:47:45.189333+0100 | INFO | Database engine created successfully.
2026-05-23T14:47:45.236455+0100 | ERROR | Database connection test FAILED: (psycopg2.OperationalError) could not translate host name "1995@localhost" to address: Non-recoverable failure in name resolution

(Background on this error at: https://sqlalche.me/e/20/e3q8)
2026-05-23T15:10:57.609331+0100 | INFO | Database engine created successfully.
2026-05-23T15:10:58.467080+0100 | ERROR | Database connection test FAILED: (psycopg2.OperationalError) connection to server at "localhost" (::1), port 5432 failed: FATAL:  database "airbnb_db" does not exist

(Background on this error at: https://sqlalche.me/e/20/e3q8)
2026-05-23T15:13:05.062870+0100 | INFO | Database engine created successfully.
2026-05-23T15:13:05.675929+0100 | ERROR | Database connection test FAILED: (psycopg2.OperationalError) connection to server at "localhost" (::1), port 5432 failed: FATAL:  database "airbnb_db" does not exist

(Background on this error at: https://sqlalche.me/e/20/e3q8)
2026-05-23T15:16:04.181065+0100 | INFO | Database engine created successfully.
2026-05-23T15:16:04.586720+0100 | ERROR | Database connection test FAILED: (psycopg2.OperationalError) connection to server at "localhost" (::1), port 5432 failed: FATAL:  database "airbnb_db" does not exist

(Background on this error at: https://sqlalche.me/e/20/e3q8)
2026-05-23T15:30:32.563916+0100 | INFO | Database engine created successfully.
2026-05-23T15:30:33.449605+0100 | ERROR | Database connection test FAILED: (psycopg2.OperationalError) connection to server at "localhost" (::1), port 5432 failed: FATAL:  database "airbnb_db" does not exist

(Background on this error at: https://sqlalche.me/e/20/e3q8)
2026-05-23T15:32:40.332927+0100 | INFO | Database engine created successfully.
2026-05-23T15:32:40.738666+0100 | ERROR | Database connection test FAILED: (psycopg2.OperationalError) connection to server at "localhost" (::1), port 5432 failed: FATAL:  database "airbnb_db" does not exist

(Background on this error at: https://sqlalche.me/e/20/e3q8)
2026-05-23T15:39:07.678546+0100 | INFO | Database engine created successfully.
2026-05-23T15:39:08.016406+0100 | ERROR | Database connection test FAILED: (psycopg2.OperationalError) connection to server at "localhost" (::1), port 5432 failed: FATAL:  database "airbnb_db" does not exist

(Background on this error at: https://sqlalche.me/e/20/e3q8)
2026-05-23T15:40:24.589822+0100 | INFO | Database engine created successfully.
2026-05-23T15:40:25.100113+0100 | ERROR | Database connection test FAILED: (psycopg2.OperationalError) connection to server at "localhost" (::1), port 5432 failed: FATAL:  database "airbnb_db" does not exist

(Background on this error at: https://sqlalche.me/e/20/e3q8)
2026-05-23T15:43:53.507478+0100 | INFO | Database engine created successfully.
2026-05-23T15:43:53.852226+0100 | INFO | Database connection test PASSED.
2026-05-23T15:48:16.019328+0100 | INFO | Database engine created successfully.
2026-05-23T15:48:16.544906+0100 | INFO | Database connection test PASSED.
2026-05-23T18:34:24.888819+0100 | INFO | Loading raw data from: data\raw\airbnb_2019.csv
2026-05-23T18:34:24.891604+0100 | ERROR | File not found: data\raw\airbnb_2019.csv
2026-05-23T18:39:58.016149+0100 | INFO | Loading raw data from: data\raw\airbnb_2019.csv
2026-05-23T18:39:58.019591+0100 | ERROR | File not found: data\raw\airbnb_2019.csv
2026-05-23T18:41:37.055257+0100 | INFO | Loading raw data from: data\raw\AB_NYC_2019.csv
2026-05-23T18:41:37.957133+0100 | INFO | Data loaded successfully. Rows: 48,895 | Columns: 16
2026-05-23T18:49:45.601290+0100 | INFO | Loading raw data from: data\raw\AB_NYC_2019.csv
2026-05-23T18:49:46.195016+0100 | INFO | Data loaded successfully. Rows: 48,895 | Columns: 16
2026-05-23T18:49:46.196779+0100 | INFO | === SHAPE ===
2026-05-23T18:49:46.197646+0100 | INFO | === COLUMNS & DATA TYPES ===
2026-05-23T18:49:46.209170+0100 | INFO | === MISSING VALUES ===
2026-05-23T18:49:46.269797+0100 | INFO | === DUPLICATES ===
2026-05-23T18:49:46.354985+0100 | INFO | === NUMERIC COLUMN SUMMARY ===
2026-05-23T18:49:46.444391+0100 | INFO | === CATEGORICAL COLUMN SUMMARY ===
2026-05-23T18:49:46.638967+0100 | INFO | === PRICE COLUMN DEEP DIVE ===
2026-05-23T18:49:46.661127+0100 | INFO | === SAVING SCHEMA REPORT ===
2026-05-23T18:49:46.684399+0100 | INFO | Schema report saved to: reports/schema_report.txt
2026-05-23T19:10:04.687970+0100 | INFO | Loading raw data from: data\raw\AB_NYC_2019.csv
2026-05-23T19:10:05.198009+0100 | INFO | Data loaded successfully. Rows: 48,895 | Columns: 16
2026-05-23T19:10:05.198418+0100 | INFO | Loading 48,895 rows into PostgreSQL table: 'raw_listings'
2026-05-23T19:10:05.340330+0100 | INFO | Database engine created successfully.
2026-05-23T19:10:45.558482+0100 | INFO | Successfully loaded 48,895 rows into 'raw_listings'.
2026-05-23T19:10:45.569740+0100 | INFO | Database engine created successfully.
2026-05-23T19:10:46.508004+0100 | INFO | Table 'raw_listings' verified: 48,895 rows.
2026-05-25T13:05:37.019503+0100 | INFO | STEP 1: Loading raw data...
2026-05-25T13:05:37.021177+0100 | INFO | Loading raw data from: data\raw\AB_NYC_2019.csv
2026-05-25T13:05:37.525875+0100 | INFO | Data loaded successfully. Rows: 48,895 | Columns: 16
2026-05-25T13:05:37.527107+0100 | INFO | STEP 2: Running cleaning pipeline...
2026-05-25T13:05:37.529748+0100 | INFO | Starting cleaning pipeline...
2026-05-25T13:05:37.597401+0100 | INFO | drop_zero_prices: Dropped 11 rows with price = 0.
2026-05-25T13:05:37.607839+0100 | INFO | cap_price_outliers: Capping price at 99th percentile = $799.00
2026-05-25T13:05:37.616233+0100 | INFO | cap_minimum_nights: Capping minimum_nights at 99th percentile = 45.0
2026-05-25T13:05:37.657876+0100 | INFO | fill_missing_text: Filled missing name and host_name.
2026-05-25T13:05:37.666900+0100 | INFO | fix_reviews_columns: Filled 10,052 missing review values.
2026-05-25T13:05:37.711430+0100 | INFO | convert_last_review_date: 38,833 valid dates | 10,051 NaT (no review).
2026-05-25T13:05:37.747811+0100 | INFO | strip_whitespace: Stripped whitespace from 5 text columns.
2026-05-25T13:05:37.765262+0100 | INFO | standardize_text_case: Standardized neighbourhood columns.
2026-05-25T13:05:37.766760+0100 | INFO | reset_dataframe_index: Index reset.
2026-05-25T13:05:37.768030+0100 | INFO | Cleaning pipeline complete. Final shape: 48,884 rows × 16 columns.
2026-05-25T13:05:37.771102+0100 | INFO | STEP 3: Validating cleaned data...
2026-05-25T13:05:37.773272+0100 | INFO | === VALIDATION REPORT ===
2026-05-25T13:05:37.799180+0100 | INFO | STEP 4: Saving cleaned CSV...
2026-05-25T13:05:39.035149+0100 | INFO | Cleaned data saved to: data\processed\airbnb_cleaned.csv
2026-05-25T13:05:39.036264+0100 | INFO | STEP 5: Loading into PostgreSQL...
2026-05-25T13:05:39.036963+0100 | INFO | Loading 48,884 rows into PostgreSQL table: 'cleaned_listings'
2026-05-25T13:05:39.289617+0100 | INFO | Database engine created successfully.
2026-05-25T13:06:13.132898+0100 | INFO | Successfully loaded 48,884 rows into 'cleaned_listings'.
2026-05-25T13:06:13.134479+0100 | INFO | Database engine created successfully.
2026-05-25T13:06:13.354236+0100 | INFO | Table 'cleaned_listings' verified: 48,884 rows.
